<?xml version="1.0" encoding="UTF-8"?>
<!-- Generated by org.testng.reporters.JUnitReportReporter -->
<testsuite hostname="Piash-XPS13" failures="0" tests="5" name="homepage.AmazonTest" time="81.218" errors="0" timestamp="2022-08-09T13:09:17 EDT" skipped="0">
  <testcase classname="homepage.AmazonTest" name="shopSamsungTV" time="5.846"/>
  <system-out/>
  <testcase classname="homepage.AmazonTest" name="select2ndSearchResult" time="13.073"/>
  <system-out/>
  <testcase classname="homepage.AmazonTest" name="sortHighToLow" time="18.177"/>
  <system-out/>
  <testcase classname="homepage.AmazonTest" name="shopByDepartment" time="7.503"/>
  <system-out/>
  <testcase classname="homepage.AmazonTest" name="landingPage" time="36.619"/>
  <system-out/>
</testsuite> <!-- homepage.AmazonTest -->
