<?xml version="1.0" encoding="UTF-8"?>
<!-- Generated by org.testng.reporters.JUnitReportReporter -->
<testsuite hostname="Piash-XPS13" failures="0" tests="5" name="homepage.AmazonTest" time="39.305" errors="0" timestamp="2022-08-08T13:29:39 EDT" skipped="0">
  <testcase classname="homepage.AmazonTest" name="shopByDepartment" time="3.890"/>
  <system-out/>
  <testcase classname="homepage.AmazonTest" name="shopSamsungTV" time="5.878"/>
  <system-out/>
  <testcase classname="homepage.AmazonTest" name="sortHighToLow" time="2.933"/>
  <system-out/>
  <testcase classname="homepage.AmazonTest" name="select2ndSearchResult" time="12.854"/>
  <system-out/>
  <testcase classname="homepage.AmazonTest" name="landingPage" time="13.750"/>
  <system-out/>
</testsuite> <!-- homepage.AmazonTest -->
