<?xml version="1.0" encoding="UTF-8"?>
<!-- Generated by org.testng.reporters.JUnitReportReporter -->
<testsuite hostname="Piash-XPS13" failures="0" tests="4" name="homepage.HomePageTest" time="10.194" errors="0" timestamp="2022-08-07T18:34:45 EDT" skipped="0">
  <testcase classname="homepage.HomePageTest" name="landingPage" time="4.735"/>
  <system-out/>
  <testcase classname="homepage.HomePageTest" name="shopByDepartment" time="2.378"/>
  <system-out/>
  <testcase classname="homepage.HomePageTest" name="shopSamsungTV" time="1.776"/>
  <system-out/>
  <testcase classname="homepage.HomePageTest" name="sortHighToLow" time="1.305"/>
  <system-out/>
</testsuite> <!-- homepage.HomePageTest -->
